<?xml version="1.0" encoding="UTF-8"?>
<robot generator="Robot 6.0.2 (Python 3.11.3 on win32)" generated="20230514 21:21:05.034" rpa="false" schemaversion="3">
<suite id="s1" name="Cadastro" source="C:\Users\Gledson Nascimento\Documents\projetos\robot-framework\buger_eats\suites\cadastro\cadastro.robot">
<test id="s1-t1" name="Acessar o sistema" line="6">
<kw name="DADO QUE acesso o buger eats" library="home_page">
<kw name="Open Browser" library="SeleniumLibrary">
<arg>${geral.url}</arg>
<arg>${geral.browser}</arg>
<doc>Opens a new browser instance to the optional ``url``.</doc>
<msg timestamp="20230514 21:21:05.280" level="INFO">Opening browser 'chrome' to base url 'https://buger-eats.vercel.app'.</msg>
<status status="PASS" starttime="20230514 21:21:05.279" endtime="20230514 21:21:07.124"/>
</kw>
<status status="PASS" starttime="20230514 21:21:05.279" endtime="20230514 21:21:07.124"/>
</kw>
<kw name="E clico no botao de cadastro" library="home_page">
<kw name="Click Element" library="SeleniumLibrary">
<arg>${home.botao_cadastre_se}</arg>
<doc>Click the element identified by ``locator``.</doc>
<msg timestamp="20230514 21:21:07.126" level="INFO">Clicking element 'xpath://a[contains(.,'Cadastre-se para fazer entregas')]'.</msg>
<status status="PASS" starttime="20230514 21:21:07.125" endtime="20230514 21:21:07.169"/>
</kw>
<status status="PASS" starttime="20230514 21:21:07.125" endtime="20230514 21:21:07.169"/>
</kw>
<kw name="QUANDO preencho os campos do cadastro" library="cadastro_page">
<kw name="Wait Until Element Is Visible" library="SeleniumLibrary">
<arg>${cadastro.campo_nome}</arg>
<doc>Waits until the element ``locator`` is visible.</doc>
<status status="PASS" starttime="20230514 21:21:07.169" endtime="20230514 21:21:07.186"/>
</kw>
<kw name="Input Text" library="SeleniumLibrary">
<arg>${cadastro.campo_nome}</arg>
<arg>${registro.nome_completo}</arg>
<doc>Types the given ``text`` into the text field identified by ``locator``.</doc>
<msg timestamp="20230514 21:21:07.187" level="INFO">Typing text 'João dos Testes' into text field 'xpath://input[@name='name']'.</msg>
<status status="PASS" starttime="20230514 21:21:07.186" endtime="20230514 21:21:07.258"/>
</kw>
<kw name="Wait Until Element Is Visible" library="SeleniumLibrary">
<arg>${cadastro.campo_cpf}</arg>
<doc>Waits until the element ``locator`` is visible.</doc>
<status status="PASS" starttime="20230514 21:21:07.258" endtime="20230514 21:21:07.273"/>
</kw>
<kw name="Input Text" library="SeleniumLibrary">
<arg>${cadastro.campo_cpf}</arg>
<arg>${registro.cpf}</arg>
<doc>Types the given ``text`` into the text field identified by ``locator``.</doc>
<msg timestamp="20230514 21:21:07.273" level="INFO">Typing text '99900099988' into text field 'xpath://input[@name='cpf']'.</msg>
<status status="PASS" starttime="20230514 21:21:07.273" endtime="20230514 21:21:07.320"/>
</kw>
<kw name="Wait Until Element Is Visible" library="SeleniumLibrary">
<arg>${cadastro.campo_cpf}</arg>
<doc>Waits until the element ``locator`` is visible.</doc>
<status status="PASS" starttime="20230514 21:21:07.320" endtime="20230514 21:21:07.330"/>
</kw>
<kw name="Input Text" library="SeleniumLibrary">
<arg>${cadastro.campo_email}</arg>
<arg>${registro.email}</arg>
<doc>Types the given ``text`` into the text field identified by ``locator``.</doc>
<msg timestamp="20230514 21:21:07.330" level="INFO">Typing text 'joao_teste@gmail.com' into text field 'xpath://input[@name='email']'.</msg>
<status status="PASS" starttime="20230514 21:21:07.330" endtime="20230514 21:21:07.388"/>
</kw>
<kw name="Wait Until Element Is Visible" library="SeleniumLibrary">
<arg>${cadastro.campo_whatsapp}</arg>
<doc>Waits until the element ``locator`` is visible.</doc>
<status status="PASS" starttime="20230514 21:21:07.388" endtime="20230514 21:21:07.400"/>
</kw>
<kw name="Input Text" library="SeleniumLibrary">
<arg>${cadastro.campo_whatsapp}</arg>
<arg>${registro.whatsapp}</arg>
<doc>Types the given ``text`` into the text field identified by ``locator``.</doc>
<msg timestamp="20230514 21:21:07.401" level="INFO">Typing text '11999999999' into text field 'xpath://input[@name='whatsapp']'.</msg>
<status status="PASS" starttime="20230514 21:21:07.400" endtime="20230514 21:21:07.446"/>
</kw>
<kw name="Wait Until Element Is Visible" library="SeleniumLibrary">
<arg>${cadastro.campo_cep}</arg>
<doc>Waits until the element ``locator`` is visible.</doc>
<status status="PASS" starttime="20230514 21:21:07.446" endtime="20230514 21:21:07.458"/>
</kw>
<kw name="Input Text" library="SeleniumLibrary">
<arg>${cadastro.campo_cep}</arg>
<arg>${registro.cep}</arg>
<doc>Types the given ``text`` into the text field identified by ``locator``.</doc>
<msg timestamp="20230514 21:21:07.459" level="INFO">Typing text '63900217' into text field 'xpath://input[@name='postalcode']'.</msg>
<status status="PASS" starttime="20230514 21:21:07.458" endtime="20230514 21:21:07.504"/>
</kw>
<kw name="Wait Until Element Is Visible" library="SeleniumLibrary">
<arg>${cadastro.botao_buscar_cep}</arg>
<doc>Waits until the element ``locator`` is visible.</doc>
<status status="PASS" starttime="20230514 21:21:07.504" endtime="20230514 21:21:07.517"/>
</kw>
<kw name="Click Element" library="SeleniumLibrary">
<arg>${cadastro.botao_buscar_cep}</arg>
<doc>Click the element identified by ``locator``.</doc>
<msg timestamp="20230514 21:21:07.517" level="INFO">Clicking element 'xpath://input[@value='Buscar CEP']'.</msg>
<status status="PASS" starttime="20230514 21:21:07.517" endtime="20230514 21:21:07.543"/>
</kw>
<kw name="Sleep" library="BuiltIn">
<arg>5s</arg>
<doc>Pauses the test executed for the given time.</doc>
<msg timestamp="20230514 21:21:12.543" level="INFO">Slept 5 seconds</msg>
<status status="PASS" starttime="20230514 21:21:07.543" endtime="20230514 21:21:12.543"/>
</kw>
<kw name="Wait Until Element Is Visible" library="SeleniumLibrary">
<arg>${cadastro.campo_rua}</arg>
<doc>Waits until the element ``locator`` is visible.</doc>
<status status="PASS" starttime="20230514 21:21:12.543" endtime="20230514 21:21:12.556"/>
</kw>
<kw name="Get Value" library="SeleniumLibrary">
<var>${nome_rua}</var>
<arg>${cadastro.campo_rua}</arg>
<doc>Returns the value attribute of the element identified by ``locator``.</doc>
<msg timestamp="20230514 21:21:12.567" level="INFO">${nome_rua} = Rua Doutor Eudásio Barroso</msg>
<status status="PASS" starttime="20230514 21:21:12.556" endtime="20230514 21:21:12.567"/>
</kw>
<kw name="Should Contain" library="BuiltIn">
<arg>${nome_rua}</arg>
<arg>${registro.rua}</arg>
<doc>Fails if ``container`` does not contain ``item`` one or more times.</doc>
<status status="PASS" starttime="20230514 21:21:12.568" endtime="20230514 21:21:12.568"/>
</kw>
<kw name="Wait Until Element Is Visible" library="SeleniumLibrary">
<arg>${cadastro.campo_numero}</arg>
<doc>Waits until the element ``locator`` is visible.</doc>
<status status="PASS" starttime="20230514 21:21:12.568" endtime="20230514 21:21:12.579"/>
</kw>
<kw name="Input Text" library="SeleniumLibrary">
<arg>${cadastro.campo_numero}</arg>
<arg>${registro.numero}</arg>
<doc>Types the given ``text`` into the text field identified by ``locator``.</doc>
<msg timestamp="20230514 21:21:12.580" level="INFO">Typing text '012' into text field 'xpath://input[@name='address-number']'.</msg>
<status status="PASS" starttime="20230514 21:21:12.579" endtime="20230514 21:21:12.619"/>
</kw>
<kw name="Wait Until Element Is Visible" library="SeleniumLibrary">
<arg>${cadastro.campo_complemento}</arg>
<doc>Waits until the element ``locator`` is visible.</doc>
<status status="PASS" starttime="20230514 21:21:12.619" endtime="20230514 21:21:12.632"/>
</kw>
<kw name="Input Text" library="SeleniumLibrary">
<arg>${cadastro.campo_complemento}</arg>
<arg>${registro.complemento}</arg>
<doc>Types the given ``text`` into the text field identified by ``locator``.</doc>
<msg timestamp="20230514 21:21:12.633" level="INFO">Typing text 'Apartamento' into text field 'xpath://input[@name='address-details']'.</msg>
<status status="PASS" starttime="20230514 21:21:12.632" endtime="20230514 21:21:12.673"/>
</kw>
<kw name="Wait Until Element Is Visible" library="SeleniumLibrary">
<arg>${cadastro.campo_bairro}</arg>
<doc>Waits until the element ``locator`` is visible.</doc>
<status status="PASS" starttime="20230514 21:21:12.673" endtime="20230514 21:21:12.685"/>
</kw>
<kw name="Get Value" library="SeleniumLibrary">
<var>${nome_bairro}</var>
<arg>${cadastro.campo_bairro}</arg>
<doc>Returns the value attribute of the element identified by ``locator``.</doc>
<msg timestamp="20230514 21:21:12.696" level="INFO">${nome_bairro} = Centro</msg>
<status status="PASS" starttime="20230514 21:21:12.685" endtime="20230514 21:21:12.696"/>
</kw>
<kw name="Should Contain" library="BuiltIn">
<arg>${nome_bairro}</arg>
<arg>${registro.bairro}</arg>
<doc>Fails if ``container`` does not contain ``item`` one or more times.</doc>
<status status="PASS" starttime="20230514 21:21:12.696" endtime="20230514 21:21:12.696"/>
</kw>
<kw name="Wait Until Element Is Visible" library="SeleniumLibrary">
<arg>${cadastro.campo_cidade_uf}</arg>
<doc>Waits until the element ``locator`` is visible.</doc>
<status status="PASS" starttime="20230514 21:21:12.696" endtime="20230514 21:21:12.707"/>
</kw>
<kw name="Get Value" library="SeleniumLibrary">
<var>${nome_cidade_uf}</var>
<arg>${cadastro.campo_cidade_uf}</arg>
<doc>Returns the value attribute of the element identified by ``locator``.</doc>
<msg timestamp="20230514 21:21:12.716" level="INFO">${nome_cidade_uf} = Quixadá/CE</msg>
<status status="PASS" starttime="20230514 21:21:12.707" endtime="20230514 21:21:12.716"/>
</kw>
<kw name="Should Contain" library="BuiltIn">
<arg>${nome_cidade_uf}</arg>
<arg>${registro.cidade_uf}</arg>
<doc>Fails if ``container`` does not contain ``item`` one or more times.</doc>
<status status="PASS" starttime="20230514 21:21:12.716" endtime="20230514 21:21:12.716"/>
</kw>
<kw name="Sleep" library="BuiltIn">
<arg>3</arg>
<doc>Pauses the test executed for the given time.</doc>
<msg timestamp="20230514 21:21:15.717" level="INFO">Slept 3 seconds</msg>
<status status="PASS" starttime="20230514 21:21:12.716" endtime="20230514 21:21:15.717"/>
</kw>
<status status="PASS" starttime="20230514 21:21:07.169" endtime="20230514 21:21:15.717"/>
</kw>
<kw name="Sleep" library="BuiltIn">
<arg>3</arg>
<doc>Pauses the test executed for the given time.</doc>
<msg timestamp="20230514 21:21:18.717" level="INFO">Slept 3 seconds</msg>
<status status="PASS" starttime="20230514 21:21:15.717" endtime="20230514 21:21:18.717"/>
</kw>
<status status="PASS" starttime="20230514 21:21:05.278" endtime="20230514 21:21:18.718"/>
</test>
<status status="PASS" starttime="20230514 21:21:05.035" endtime="20230514 21:21:18.718"/>
</suite>
<statistics>
<total>
<stat pass="1" fail="0" skip="0">All Tests</stat>
</total>
<tag>
</tag>
<suite>
<stat pass="1" fail="0" skip="0" id="s1" name="Cadastro">Cadastro</stat>
</suite>
</statistics>
<errors>
</errors>
</robot>
